2023-10-18 17:26:54.587 [main] INFO  com.noti.NotiApplication - Starting NotiApplication using Java 1.8.0_341 on XHYYXL with PID 16912 (D:\dev\projects\fork\notipush\notipush-web\target\classes started by 杨叔叔的牧场 in D:\dev\projects\fork\notipush)
2023-10-18 17:26:54.589 [main] INFO  com.noti.NotiApplication - No active profile set, falling back to default profiles: default
2023-10-18 17:26:55.238 [main] INFO  o.s.boot.web.embedded.tomcat.TomcatWebServer - Tomcat initialized with port(s): 8080 (http)
2023-10-18 17:26:55.243 [main] INFO  org.apache.coyote.http11.Http11NioProtocol - Initializing ProtocolHandler ["http-nio-8080"]
2023-10-18 17:26:55.243 [main] INFO  org.apache.catalina.core.StandardService - Starting service [Tomcat]
2023-10-18 17:26:55.244 [main] INFO  org.apache.catalina.core.StandardEngine - Starting Servlet engine: [Apache Tomcat/9.0.54]
2023-10-18 17:26:55.333 [main] INFO  o.a.c.core.ContainerBase.[Tomcat].[localhost].[/] - Initializing Spring embedded WebApplicationContext
2023-10-18 17:26:55.333 [main] INFO  o.s.b.w.s.c.ServletWebServerApplicationContext - Root WebApplicationContext: initialization completed in 705 ms
2023-10-18 17:26:55.570 [main] INFO  org.apache.coyote.http11.Http11NioProtocol - Starting ProtocolHandler ["http-nio-8080"]
2023-10-18 17:26:55.577 [main] INFO  org.apache.coyote.http11.Http11NioProtocol - Pausing ProtocolHandler ["http-nio-8080"]
2023-10-18 17:26:55.578 [main] INFO  org.apache.catalina.core.StandardService - Stopping service [Tomcat]
2023-10-18 17:26:55.581 [main] INFO  org.apache.coyote.http11.Http11NioProtocol - Stopping ProtocolHandler ["http-nio-8080"]
2023-10-18 17:26:55.581 [main] INFO  org.apache.coyote.http11.Http11NioProtocol - Destroying ProtocolHandler ["http-nio-8080"]
2023-10-18 17:26:55.586 [main] INFO  o.s.b.a.l.ConditionEvaluationReportLoggingListener - 

Error starting ApplicationContext. To display the conditions report re-run your application with 'debug' enabled.
2023-10-18 17:27:46.026 [main] INFO  com.noti.NotiApplication - Starting NotiApplication using Java 1.8.0_341 on XHYYXL with PID 6300 (D:\dev\projects\fork\notipush\notipush-web\target\classes started by 杨叔叔的牧场 in D:\dev\projects\fork\notipush)
2023-10-18 17:27:46.027 [main] INFO  com.noti.NotiApplication - No active profile set, falling back to default profiles: default
2023-10-18 17:27:46.567 [main] INFO  o.s.boot.web.embedded.tomcat.TomcatWebServer - Tomcat initialized with port(s): 8070 (http)
2023-10-18 17:27:46.573 [main] INFO  org.apache.coyote.http11.Http11NioProtocol - Initializing ProtocolHandler ["http-nio-8070"]
2023-10-18 17:27:46.574 [main] INFO  org.apache.catalina.core.StandardService - Starting service [Tomcat]
2023-10-18 17:27:46.574 [main] INFO  org.apache.catalina.core.StandardEngine - Starting Servlet engine: [Apache Tomcat/9.0.54]
2023-10-18 17:27:46.651 [main] INFO  o.a.c.core.ContainerBase.[Tomcat].[localhost].[/] - Initializing Spring embedded WebApplicationContext
2023-10-18 17:27:46.652 [main] INFO  o.s.b.w.s.c.ServletWebServerApplicationContext - Root WebApplicationContext: initialization completed in 597 ms
2023-10-18 17:27:46.843 [main] INFO  org.apache.coyote.http11.Http11NioProtocol - Starting ProtocolHandler ["http-nio-8070"]
2023-10-18 17:27:46.853 [main] INFO  o.s.boot.web.embedded.tomcat.TomcatWebServer - Tomcat started on port(s): 8070 (http) with context path ''
2023-10-18 17:27:46.859 [main] INFO  com.noti.NotiApplication - Started NotiApplication in 1.108 seconds (JVM running for 2.339)
